C251 COMPILER V5.60.0,  Beep                                                               12/03/24  21:36:55  PAGE 1   


C251 COMPILER V5.60.0, COMPILATION OF MODULE Beep
OBJECT MODULE PLACED IN .\Out_File\Beep.obj
COMPILER INVOKED BY: D:\Keil5\C251\BIN\C251.EXE Beep.c XSMALL INTR2 WARNINGLEVEL(3) OPTIMIZE(0,SPEED) BROWSE INCDIR(..\.
                    -.\Libraries\libraries;..\..\Libraries\seekfree_libraries;..\..\Libraries\seekfree_peripheral;..\CODE;..\USER\inc;..\USER
                    -\src;..\..\Libraries\seekfree_components) DEBUG PRINT(.\Out_File\Beep.lst) OBJECT(.\Out_File\Beep.obj) 

stmt  level    source

    1          #include "Beep.h"
    2          void Beep_init(void)
    3          {
    4   1              gpio_mode(BEEP,GPO_PP);     //配置推挽输出
    5   1              gpio_pull_set(BEEP,NOPULL); //设置不上下拉
    6   1              beep = 0;
    7   1      }
    8          void Beep_bee(void)
    9          {
   10   1              beep = 1;
   11   1              delay_ms(100);
   12   1              beep = 0;
   13   1              delay_ms(100);
   14   1      }


Module Information          Static   Overlayable
------------------------------------------------
  code size            =        45     ------
  ecode size           =    ------     ------
  data size            =    ------     ------
  idata size           =    ------     ------
  pdata size           =    ------     ------
  xdata size           =    ------     ------
  xdata-const size     =    ------     ------
  edata size           =    ------     ------
  bit size             =    ------     ------
  ebit size            =    ------     ------
  bitaddressable size  =    ------     ------
  ebitaddressable size =    ------     ------
  far data size        =    ------     ------
  huge data size       =    ------     ------
  const size           =    ------     ------
  hconst size          =    ------     ------
End of Module Information.


C251 COMPILATION COMPLETE.  0 WARNING(S),  0 ERROR(S)
