C251 COMPILER V5.60.0,  main                                                               15/03/24  17:31:15  PAGE 1   


C251 COMPILER V5.60.0, COMPILATION OF MODULE main
OBJECT MODULE PLACED IN .\Out_File\main.obj
COMPILER INVOKED BY: D:\Keil5\C251\BIN\C251.EXE ..\USER\src\main.c XSMALL INTR2 WARNINGLEVEL(3) OPTIMIZE(0,SPEED) BROWSE
                    - INCDIR(..\..\Libraries\libraries;..\..\Libraries\seekfree_libraries;..\..\Libraries\seekfree_peripheral;..\CODE;..\USER
                    -\inc;..\USER\src;..\..\Libraries\seekfree_components) DEBUG PRINT(.\Out_File\main.lst) OBJECT(.\Out_File\main.obj) 

stmt  level    source

    1          /********************************************************************************************************
             -*************
    2           * COPYRIGHT NOTICE
    3           * Copyright (c) 2020,逐飞科技
    4           * All rights reserved.
    5           * 技术讨论QQ群：一群：179029047(已满)  二群：244861897(已满)  三群：824575535
    6           *
    7           * 以下所有内容版权均属逐飞科技所有，未经允许不得用于商业用途，
    8           * 欢迎各位使用并传播本程序，修改内容时必须保留逐飞科技的版权声明。
    9           *
   10           * @file                main
   11           * @company                     成都逐飞科技有限公司
   12           * @author              逐飞科技(QQ790875685)
   13           * @version             查看doc内version文件 版本说明
   14           * @Software            MDK FOR C251 V5.60
   15           * @Target core         STC32G12K128
   16           * @Taobao              https://seekfree.taobao.com/
   17           * @date                2020-12-18
   18           ********************************************************************************************************
             -************/
   19          
   20          #include "headfile.h"
   21          
   22          
   23          /*
   24           * 系统频率，可查看board.h中的 FOSC 宏定义修改。
   25           * board.h文件中FOSC的值设置为0,则程序自动设置系统频率为33.1776MHZ
   26           * 在board_init中,已经将P54引脚设置为复位
   27           * 如果需要使用P54引脚,可以在board.c文件中的board_init()函数中删除SET_P54_RESRT即可
   28           */
   29          
   30          
   31          void main()
   32          {
   33   1              All_init();
   34   1      //      PidI_L.Kp = 1;
   35   1      //      PidI_R.Kp = 1;
   36   1      //      PidI_L.Ki = 0.3;
   37   1      //      PidI_R.Ki = 0.3;
   38   1      //      PidI_L.Kd = 0.4;
   39   1      //      PidI_R.Kd = 0.4;
   40   1      //      adc_once(ADC_BL1,ADC_12BIT);
   41   1          while(1)
   42   1              {
   43   2      //              Key_Scan();
   44   2      //              Key_Screen();
   45   2                      ips114_showfloat(100,0,left_value,5,0);
   46   2                      ips114_showfloat(140,0,right_value,5,0);
   47   2      
   48   2                      ips114_showfloat(0,0,LNor[BCTR],5,0);
   49   2                      ips114_showfloat(0,20,LNor[BL1],5,0);
   50   2                      ips114_showfloat(50,20,LNor[BL2],5,0);
   51   2                      ips114_showfloat(140,20,LNor[BL3],5,0);
   52   2                      ips114_showfloat(0,70,LNor[BR1],5,0);
   53   2                      ips114_showfloat(50,70,LNor[BR2],5,0);
   54   2                      ips114_showfloat(140,70,LNor[BR3],5,0);
   55   2          }
C251 COMPILER V5.60.0,  main                                                               15/03/24  17:31:15  PAGE 2   

   56   1      }
   57          


Module Information          Static   Overlayable
------------------------------------------------
  code size            =       319     ------
  ecode size           =    ------     ------
  data size            =    ------     ------
  idata size           =    ------     ------
  pdata size           =    ------     ------
  xdata size           =    ------     ------
  xdata-const size     =    ------     ------
  edata size           =    ------     ------
  bit size             =    ------     ------
  ebit size            =    ------     ------
  bitaddressable size  =    ------     ------
  ebitaddressable size =    ------     ------
  far data size        =    ------     ------
  huge data size       =    ------     ------
  const size           =    ------     ------
  hconst size          =    ------     ------
End of Module Information.


C251 COMPILATION COMPLETE.  0 WARNING(S),  0 ERROR(S)
